<?xml version="1.0" encoding="UTF-8"?>
<testsuite xmlns:xsi="http://www.w3.org/2001/XMLSchema-instance" xsi:noNamespaceSchemaLocation="https://maven.apache.org/surefire/maven-surefire-plugin/xsd/surefire-test-report-3.0.xsd" version="3.0" name="org.fichtenbauer.gameoflife.game.GameOfLifeTest" time="0.12" tests="20" errors="0" skipped="0" failures="0">
  <properties>
[...]
</properties>
  <testcase name="aUniverseWithTwoLiveCellsBecomesDead" classname="org.fichtenbauer.gameoflife.game.GameOfLifeTest" time="0.037"/>
  <testcase name="aBlockRemainsABlock" classname="org.fichtenbauer.gameoflife.game.GameOfLifeTest" time="0.004"/>
  <testcase name="numberOfLiveNeighborsIs1ForALiveCell" classname="org.fichtenbauer.gameoflife.game.GameOfLifeTest" time="0.002"/>
  <testcase name="canary" classname="org.fichtenbauer.gameoflife.game.GameOfLifeTest" time="0.001"/>
  <testcase name="aUniverseWithALoneLiveCellBecomesDead" classname="org.fichtenbauer.gameoflife.game.GameOfLifeTest" time="0.002"/>
  <testcase name="numberOfLiveNeighborsIs2WithAFarAwayNeighbor" classname="org.fichtenbauer.gameoflife.game.GameOfLifeTest" time="0.002"/>
  <testcase name="aDeadUniverseStaysDead" classname="org.fichtenbauer.gameoflife.game.GameOfLifeTest" time="0.002"/>
  <testcase name="transformUniverseWithThreeLiveNeighbors" classname="org.fichtenbauer.gameoflife.game.GameOfLifeTest" time="0.001"/>
  <testcase name="liveCellBehavior" classname="org.fichtenbauer.gameoflife.game.GameOfLifeTest" time="0.005"/>
  <testcase name="numberOfLiveNeibhborsForTopLeftCell" classname="org.fichtenbauer.gameoflife.game.GameOfLifeTest" time="0.002"/>
  <testcase name="numberOfLiveNeibhborsForTopRightCell" classname="org.fichtenbauer.gameoflife.game.GameOfLifeTest" time="0.001"/>
  <testcase name="deadCellBehavior" classname="org.fichtenbauer.gameoflife.game.GameOfLifeTest" time="0.004"/>
  <testcase name="numberOfLiveNeibhborsForBottomLeftCell" classname="org.fichtenbauer.gameoflife.game.GameOfLifeTest" time="0.001"/>
  <testcase name="aVerticalBlinkerBecomesAHorizontaBlinker" classname="org.fichtenbauer.gameoflife.game.GameOfLifeTest" time="0.002"/>
  <testcase name="numberOfLiveNeibhborsForBottomRightCell" classname="org.fichtenbauer.gameoflife.game.GameOfLifeTest" time="0.001"/>
  <testcase name="numberOfLiveNeighborsIs0" classname="org.fichtenbauer.gameoflife.game.GameOfLifeTest" time="0.001"/>
  <testcase name="numberOfLiveNeighborsIs1" classname="org.fichtenbauer.gameoflife.game.GameOfLifeTest" time="0.0"/>
  <testcase name="numberOfLiveNeighborsIs2" classname="org.fichtenbauer.gameoflife.game.GameOfLifeTest" time="0.001"/>
  <testcase name="numberOfLiveNeighborsIs3" classname="org.fichtenbauer.gameoflife.game.GameOfLifeTest" time="0.0"/>
  <testcase name="aHorizontalBlinkerBecomesAVerticalBlinker" classname="org.fichtenbauer.gameoflife.game.GameOfLifeTest" time="0.002"/>
</testsuite>